2019-09-12 15:11:06.043  WARN 8804 --- [main] ory$DuplicateJsonObjectContextCustomizer : 

Found multiple occurrences of org.json.JSONObject on the class path:

	jar:file:/C:/Users/igogo/.m2/repository/com/vaadin/external/google/android-json/0.0.20131108.vaadin1/android-json-0.0.20131108.vaadin1.jar!/org/json/JSONObject.class
	jar:file:/C:/Users/igogo/.m2/repository/org/json/json/20140107/json-20140107.jar!/org/json/JSONObject.class

You may wish to exclude one of them to ensure predictable runtime behavior

2019-09-12 15:11:06.085  INFO 8804 --- [main] app.passwd.PasswdApplicationTests        : Starting PasswdApplicationTests on LAPTOP-IGOGO with PID 8804 (started by igogo in C:\Users\igogo\Documents\IDEAProjects\school-passwd)
2019-09-12 15:11:06.090  INFO 8804 --- [main] app.passwd.PasswdApplicationTests        : No active profile set, falling back to default profiles: default
2019-09-12 15:11:07.429  INFO 8804 --- [main] .s.d.r.c.RepositoryConfigurationDelegate : Bootstrapping Spring Data repositories in DEFAULT mode.
2019-09-12 15:11:07.577  INFO 8804 --- [main] .s.d.r.c.RepositoryConfigurationDelegate : Finished Spring Data repository scanning in 130ms. Found 3 repository interfaces.
2019-09-12 15:11:08.160  INFO 8804 --- [main] trationDelegate$BeanPostProcessorChecker : Bean 'org.springframework.transaction.annotation.ProxyTransactionManagementConfiguration' of type [org.springframework.transaction.annotation.ProxyTransactionManagementConfiguration$$EnhancerBySpringCGLIB$$daf41f4c] is not eligible for getting processed by all BeanPostProcessors (for example: not eligible for auto-proxying)
2019-09-12 15:11:08.459  INFO 8804 --- [main] com.zaxxer.hikari.HikariDataSource       : HikariPool-1 - Starting...
2019-09-12 15:11:08.791  INFO 8804 --- [main] com.zaxxer.hikari.HikariDataSource       : HikariPool-1 - Start completed.
2019-09-12 15:11:08.918  INFO 8804 --- [main] o.hibernate.jpa.internal.util.LogHelper  : HHH000204: Processing PersistenceUnitInfo [
	name: default
	...]
2019-09-12 15:11:09.041  INFO 8804 --- [main] org.hibernate.Version                    : HHH000412: Hibernate Core {5.3.7.Final}
2019-09-12 15:11:09.045  INFO 8804 --- [main] org.hibernate.cfg.Environment            : HHH000206: hibernate.properties not found
2019-09-12 15:11:09.260  INFO 8804 --- [main] o.hibernate.annotations.common.Version   : HCANN000001: Hibernate Commons Annotations {5.0.4.Final}
2019-09-12 15:11:10.275  INFO 8804 --- [main] org.hibernate.dialect.Dialect            : HHH000400: Using dialect: org.hibernate.dialect.H2Dialect
2019-09-12 15:11:11.300  INFO 8804 --- [main] o.h.t.schema.internal.SchemaCreatorImpl  : HHH000476: Executing import script 'org.hibernate.tool.schema.internal.exec.ScriptSourceInputNonExistentImpl@496cc217'
2019-09-12 15:11:11.306  INFO 8804 --- [main] j.LocalContainerEntityManagerFactoryBean : Initialized JPA EntityManagerFactory for persistence unit 'default'
2019-09-12 15:11:12.853  INFO 8804 --- [main] o.s.s.concurrent.ThreadPoolTaskExecutor  : Initializing ExecutorService 'applicationTaskExecutor'
2019-09-12 15:11:12.943  WARN 8804 --- [main] aWebConfiguration$JpaWebMvcConfiguration : spring.jpa.open-in-view is enabled by default. Therefore, database queries may be performed during view rendering. Explicitly configure spring.jpa.open-in-view to disable this warning
2019-09-12 15:11:13.177  WARN 8804 --- [main] org.thymeleaf.templatemode.TemplateMode  : [THYMELEAF][main] Template Mode 'LEGACYHTML5' is deprecated. Using Template Mode 'HTML' instead.
2019-09-12 15:11:13.553  INFO 8804 --- [main] o.s.l.c.support.AbstractContextSource    : Property 'userDn' not set - anonymous context will be used for read-write operations
2019-09-12 15:11:13.996  INFO 8804 --- [main] app.passwd.PasswdApplicationTests        : Started PasswdApplicationTests in 8.451 seconds (JVM running for 11.622)
2019-09-12 15:11:13.999  INFO 8804 --- [main] ication$$EnhancerBySpringCGLIB$$d0efb520 : working dir:C:\Users\igogo\Documents\IDEAProjects\school-passwd
2019-09-12 15:11:14.187  INFO 8804 --- [main] o.h.h.i.QueryTranslatorFactoryInitiator  : HHH000397: Using ASTQueryTranslatorFactory
2019-09-12 15:11:35.679  INFO 8804 --- [main] ConditionEvaluationReportLoggingListener : 

Error starting ApplicationContext. To display the conditions report re-run your application with 'debug' enabled.
2019-09-12 15:11:35.690 ERROR 8804 --- [main] o.s.boot.SpringApplication               : Application run failed

java.lang.IllegalStateException: Failed to execute CommandLineRunner
	at org.springframework.boot.SpringApplication.callRunner(SpringApplication.java:816) ~[spring-boot-2.1.2.RELEASE.jar:2.1.2.RELEASE]
	at org.springframework.boot.SpringApplication.callRunners(SpringApplication.java:797) ~[spring-boot-2.1.2.RELEASE.jar:2.1.2.RELEASE]
	at org.springframework.boot.SpringApplication.run(SpringApplication.java:324) ~[spring-boot-2.1.2.RELEASE.jar:2.1.2.RELEASE]
	at org.springframework.boot.test.context.SpringBootContextLoader.loadContext(SpringBootContextLoader.java:127) [spring-boot-test-2.1.2.RELEASE.jar:2.1.2.RELEASE]
	at org.springframework.test.context.cache.DefaultCacheAwareContextLoaderDelegate.loadContextInternal(DefaultCacheAwareContextLoaderDelegate.java:99) [spring-test-5.1.4.RELEASE.jar:5.1.4.RELEASE]
	at org.springframework.test.context.cache.DefaultCacheAwareContextLoaderDelegate.loadContext(DefaultCacheAwareContextLoaderDelegate.java:117) [spring-test-5.1.4.RELEASE.jar:5.1.4.RELEASE]
	at org.springframework.test.context.support.DefaultTestContext.getApplicationContext(DefaultTestContext.java:108) [spring-test-5.1.4.RELEASE.jar:5.1.4.RELEASE]
	at org.springframework.test.context.web.ServletTestExecutionListener.setUpRequestContextIfNecessary(ServletTestExecutionListener.java:190) [spring-test-5.1.4.RELEASE.jar:5.1.4.RELEASE]
	at org.springframework.test.context.web.ServletTestExecutionListener.prepareTestInstance(ServletTestExecutionListener.java:132) [spring-test-5.1.4.RELEASE.jar:5.1.4.RELEASE]
	at org.springframework.test.context.TestContextManager.prepareTestInstance(TestContextManager.java:246) [spring-test-5.1.4.RELEASE.jar:5.1.4.RELEASE]
	at org.springframework.test.context.junit4.SpringJUnit4ClassRunner.createTest(SpringJUnit4ClassRunner.java:227) [spring-test-5.1.4.RELEASE.jar:5.1.4.RELEASE]
	at org.springframework.test.context.junit4.SpringJUnit4ClassRunner$1.runReflectiveCall(SpringJUnit4ClassRunner.java:289) [spring-test-5.1.4.RELEASE.jar:5.1.4.RELEASE]
	at org.junit.internal.runners.model.ReflectiveCallable.run(ReflectiveCallable.java:12) [junit-4.12.jar:4.12]
	at org.springframework.test.context.junit4.SpringJUnit4ClassRunner.methodBlock(SpringJUnit4ClassRunner.java:291) [spring-test-5.1.4.RELEASE.jar:5.1.4.RELEASE]
	at org.springframework.test.context.junit4.SpringJUnit4ClassRunner.runChild(SpringJUnit4ClassRunner.java:246) [spring-test-5.1.4.RELEASE.jar:5.1.4.RELEASE]
	at org.springframework.test.context.junit4.SpringJUnit4ClassRunner.runChild(SpringJUnit4ClassRunner.java:97) [spring-test-5.1.4.RELEASE.jar:5.1.4.RELEASE]
	at org.junit.runners.ParentRunner$3.run(ParentRunner.java:290) [junit-4.12.jar:4.12]
	at org.junit.runners.ParentRunner$1.schedule(ParentRunner.java:71) [junit-4.12.jar:4.12]
	at org.junit.runners.ParentRunner.runChildren(ParentRunner.java:288) [junit-4.12.jar:4.12]
	at org.junit.runners.ParentRunner.access$000(ParentRunner.java:58) [junit-4.12.jar:4.12]
	at org.junit.runners.ParentRunner$2.evaluate(ParentRunner.java:268) [junit-4.12.jar:4.12]
	at org.springframework.test.context.junit4.statements.RunBeforeTestClassCallbacks.evaluate(RunBeforeTestClassCallbacks.java:61) [spring-test-5.1.4.RELEASE.jar:5.1.4.RELEASE]
	at org.springframework.test.context.junit4.statements.RunAfterTestClassCallbacks.evaluate(RunAfterTestClassCallbacks.java:70) [spring-test-5.1.4.RELEASE.jar:5.1.4.RELEASE]
	at org.junit.runners.ParentRunner.run(ParentRunner.java:363) [junit-4.12.jar:4.12]
	at org.springframework.test.context.junit4.SpringJUnit4ClassRunner.run(SpringJUnit4ClassRunner.java:190) [spring-test-5.1.4.RELEASE.jar:5.1.4.RELEASE]
	at org.apache.maven.surefire.junit4.JUnit4Provider.execute(JUnit4Provider.java:365) [surefire-junit4-2.22.1.jar:2.22.1]
	at org.apache.maven.surefire.junit4.JUnit4Provider.executeWithRerun(JUnit4Provider.java:273) [surefire-junit4-2.22.1.jar:2.22.1]
	at org.apache.maven.surefire.junit4.JUnit4Provider.executeTestSet(JUnit4Provider.java:238) [surefire-junit4-2.22.1.jar:2.22.1]
	at org.apache.maven.surefire.junit4.JUnit4Provider.invoke(JUnit4Provider.java:159) [surefire-junit4-2.22.1.jar:2.22.1]
	at org.apache.maven.surefire.booter.ForkedBooter.invokeProviderInSameClassLoader(ForkedBooter.java:384) [surefire-booter-2.22.1.jar:2.22.1]
	at org.apache.maven.surefire.booter.ForkedBooter.runSuitesInProcess(ForkedBooter.java:345) [surefire-booter-2.22.1.jar:2.22.1]
	at org.apache.maven.surefire.booter.ForkedBooter.execute(ForkedBooter.java:126) [surefire-booter-2.22.1.jar:2.22.1]
	at org.apache.maven.surefire.booter.ForkedBooter.main(ForkedBooter.java:418) [surefire-booter-2.22.1.jar:2.22.1]
Caused by: org.springframework.ldap.CommunicationException: happy.tc.edu.tw:636; nested exception is javax.naming.CommunicationException: happy.tc.edu.tw:636 [Root exception is java.net.ConnectException: Connection timed out: connect]
	at org.springframework.ldap.support.LdapUtils.convertLdapException(LdapUtils.java:108) ~[spring-ldap-core-2.3.2.RELEASE.jar:2.3.2.RELEASE]
	at org.springframework.ldap.core.support.AbstractContextSource.createContext(AbstractContextSource.java:355) ~[spring-ldap-core-2.3.2.RELEASE.jar:2.3.2.RELEASE]
	at org.springframework.ldap.core.support.AbstractContextSource.doGetContext(AbstractContextSource.java:139) ~[spring-ldap-core-2.3.2.RELEASE.jar:2.3.2.RELEASE]
	at org.springframework.ldap.core.support.AbstractContextSource.getReadOnlyContext(AbstractContextSource.java:158) ~[spring-ldap-core-2.3.2.RELEASE.jar:2.3.2.RELEASE]
	at org.springframework.ldap.core.LdapTemplate.search(LdapTemplate.java:357) ~[spring-ldap-core-2.3.2.RELEASE.jar:2.3.2.RELEASE]
	at org.springframework.ldap.core.LdapTemplate.search(LdapTemplate.java:309) ~[spring-ldap-core-2.3.2.RELEASE.jar:2.3.2.RELEASE]
	at org.springframework.ldap.core.LdapTemplate.search(LdapTemplate.java:616) ~[spring-ldap-core-2.3.2.RELEASE.jar:2.3.2.RELEASE]
	at org.springframework.ldap.core.LdapTemplate.search(LdapTemplate.java:586) ~[spring-ldap-core-2.3.2.RELEASE.jar:2.3.2.RELEASE]
	at org.springframework.ldap.core.LdapTemplate.search(LdapTemplate.java:1651) ~[spring-ldap-core-2.3.2.RELEASE.jar:2.3.2.RELEASE]
	at app.passwd.service.LdapTools.isOuExist(LdapTools.java:72) ~[classes/:na]
	at app.passwd.PasswdApplication.lambda$run$1(PasswdApplication.java:187) ~[classes/:na]
	at java.lang.Iterable.forEach(Iterable.java:75) ~[na:1.8.0_212]
	at app.passwd.PasswdApplication.run(PasswdApplication.java:185) ~[classes/:na]
	at org.springframework.boot.SpringApplication.callRunner(SpringApplication.java:813) ~[spring-boot-2.1.2.RELEASE.jar:2.1.2.RELEASE]
	... 32 common frames omitted
Caused by: javax.naming.CommunicationException: happy.tc.edu.tw:636
	at com.sun.jndi.ldap.Connection.<init>(Connection.java:228) ~[na:1.8.0_212]
	at com.sun.jndi.ldap.LdapClient.<init>(LdapClient.java:137) ~[na:1.8.0_212]
	at com.sun.jndi.ldap.LdapClient.getInstance(LdapClient.java:1609) ~[na:1.8.0_212]
	at com.sun.jndi.ldap.LdapCtx.connect(LdapCtx.java:2749) ~[na:1.8.0_212]
	at com.sun.jndi.ldap.LdapCtx.<init>(LdapCtx.java:319) ~[na:1.8.0_212]
	at com.sun.jndi.ldap.LdapCtxFactory.getUsingURL(LdapCtxFactory.java:192) ~[na:1.8.0_212]
	at com.sun.jndi.ldap.LdapCtxFactory.getUsingURLs(LdapCtxFactory.java:210) ~[na:1.8.0_212]
	at com.sun.jndi.ldap.LdapCtxFactory.getLdapCtxInstance(LdapCtxFactory.java:153) ~[na:1.8.0_212]
	at com.sun.jndi.ldap.LdapCtxFactory.getInitialContext(LdapCtxFactory.java:83) ~[na:1.8.0_212]
	at javax.naming.spi.NamingManager.getInitialContext(NamingManager.java:684) ~[na:1.8.0_212]
	at javax.naming.InitialContext.getDefaultInitCtx(InitialContext.java:313) ~[na:1.8.0_212]
	at javax.naming.InitialContext.init(InitialContext.java:244) ~[na:1.8.0_212]
	at javax.naming.ldap.InitialLdapContext.<init>(InitialLdapContext.java:154) ~[na:1.8.0_212]
	at org.springframework.ldap.core.support.LdapContextSource.getDirContextInstance(LdapContextSource.java:42) ~[spring-ldap-core-2.3.2.RELEASE.jar:2.3.2.RELEASE]
	at org.springframework.ldap.core.support.AbstractContextSource.createContext(AbstractContextSource.java:343) ~[spring-ldap-core-2.3.2.RELEASE.jar:2.3.2.RELEASE]
	... 44 common frames omitted
Caused by: java.net.ConnectException: Connection timed out: connect
	at java.net.DualStackPlainSocketImpl.connect0(Native Method) ~[na:1.8.0_212]
	at java.net.DualStackPlainSocketImpl.socketConnect(DualStackPlainSocketImpl.java:79) ~[na:1.8.0_212]
	at java.net.AbstractPlainSocketImpl.doConnect(AbstractPlainSocketImpl.java:350) ~[na:1.8.0_212]
	at java.net.AbstractPlainSocketImpl.connectToAddress(AbstractPlainSocketImpl.java:206) ~[na:1.8.0_212]
	at java.net.AbstractPlainSocketImpl.connect(AbstractPlainSocketImpl.java:188) ~[na:1.8.0_212]
	at java.net.PlainSocketImpl.connect(PlainSocketImpl.java:172) ~[na:1.8.0_212]
	at java.net.SocksSocketImpl.connect(SocksSocketImpl.java:392) ~[na:1.8.0_212]
	at java.net.Socket.connect(Socket.java:589) ~[na:1.8.0_212]
	at sun.security.ssl.SSLSocketImpl.connect(SSLSocketImpl.java:666) ~[na:1.8.0_212]
	at sun.security.ssl.SSLSocketImpl.<init>(SSLSocketImpl.java:426) ~[na:1.8.0_212]
	at sun.security.ssl.SSLSocketFactoryImpl.createSocket(SSLSocketFactoryImpl.java:88) ~[na:1.8.0_212]
	at sun.reflect.NativeMethodAccessorImpl.invoke0(Native Method) ~[na:1.8.0_212]
	at sun.reflect.NativeMethodAccessorImpl.invoke(NativeMethodAccessorImpl.java:62) ~[na:1.8.0_212]
	at sun.reflect.DelegatingMethodAccessorImpl.invoke(DelegatingMethodAccessorImpl.java:43) ~[na:1.8.0_212]
	at java.lang.reflect.Method.invoke(Method.java:498) ~[na:1.8.0_212]
	at com.sun.jndi.ldap.Connection.createSocket(Connection.java:340) ~[na:1.8.0_212]
	at com.sun.jndi.ldap.Connection.<init>(Connection.java:215) ~[na:1.8.0_212]
	... 58 common frames omitted

2019-09-12 15:11:35.697  INFO 8804 --- [main] o.s.s.concurrent.ThreadPoolTaskExecutor  : Shutting down ExecutorService 'applicationTaskExecutor'
2019-09-12 15:11:35.700  INFO 8804 --- [main] j.LocalContainerEntityManagerFactoryBean : Closing JPA EntityManagerFactory for persistence unit 'default'
2019-09-12 15:11:35.700  INFO 8804 --- [main] .SchemaDropperImpl$DelayedDropActionImpl : HHH000477: Starting delayed evictData of schema as part of SessionFactory shut-down'
2019-09-12 15:11:35.710  INFO 8804 --- [main] com.zaxxer.hikari.HikariDataSource       : HikariPool-1 - Shutdown initiated...
2019-09-12 15:11:35.715  INFO 8804 --- [main] com.zaxxer.hikari.HikariDataSource       : HikariPool-1 - Shutdown completed.
2019-09-12 15:11:35.729 ERROR 8804 --- [main] o.s.test.context.TestContextManager      : Caught exception while allowing TestExecutionListener [org.springframework.test.context.web.ServletTestExecutionListener@7cc0cdad] to prepare test instance [app.passwd.PasswdApplicationTests@195498aa]

java.lang.IllegalStateException: Failed to load ApplicationContext
	at org.springframework.test.context.cache.DefaultCacheAwareContextLoaderDelegate.loadContext(DefaultCacheAwareContextLoaderDelegate.java:125) ~[spring-test-5.1.4.RELEASE.jar:5.1.4.RELEASE]
	at org.springframework.test.context.support.DefaultTestContext.getApplicationContext(DefaultTestContext.java:108) ~[spring-test-5.1.4.RELEASE.jar:5.1.4.RELEASE]
	at org.springframework.test.context.web.ServletTestExecutionListener.setUpRequestContextIfNecessary(ServletTestExecutionListener.java:190) ~[spring-test-5.1.4.RELEASE.jar:5.1.4.RELEASE]
	at org.springframework.test.context.web.ServletTestExecutionListener.prepareTestInstance(ServletTestExecutionListener.java:132) ~[spring-test-5.1.4.RELEASE.jar:5.1.4.RELEASE]
	at org.springframework.test.context.TestContextManager.prepareTestInstance(TestContextManager.java:246) ~[spring-test-5.1.4.RELEASE.jar:5.1.4.RELEASE]
	at org.springframework.test.context.junit4.SpringJUnit4ClassRunner.createTest(SpringJUnit4ClassRunner.java:227) [spring-test-5.1.4.RELEASE.jar:5.1.4.RELEASE]
	at org.springframework.test.context.junit4.SpringJUnit4ClassRunner$1.runReflectiveCall(SpringJUnit4ClassRunner.java:289) [spring-test-5.1.4.RELEASE.jar:5.1.4.RELEASE]
	at org.junit.internal.runners.model.ReflectiveCallable.run(ReflectiveCallable.java:12) [junit-4.12.jar:4.12]
	at org.springframework.test.context.junit4.SpringJUnit4ClassRunner.methodBlock(SpringJUnit4ClassRunner.java:291) [spring-test-5.1.4.RELEASE.jar:5.1.4.RELEASE]
	at org.springframework.test.context.junit4.SpringJUnit4ClassRunner.runChild(SpringJUnit4ClassRunner.java:246) [spring-test-5.1.4.RELEASE.jar:5.1.4.RELEASE]
	at org.springframework.test.context.junit4.SpringJUnit4ClassRunner.runChild(SpringJUnit4ClassRunner.java:97) [spring-test-5.1.4.RELEASE.jar:5.1.4.RELEASE]
	at org.junit.runners.ParentRunner$3.run(ParentRunner.java:290) [junit-4.12.jar:4.12]
	at org.junit.runners.ParentRunner$1.schedule(ParentRunner.java:71) [junit-4.12.jar:4.12]
	at org.junit.runners.ParentRunner.runChildren(ParentRunner.java:288) [junit-4.12.jar:4.12]
	at org.junit.runners.ParentRunner.access$000(ParentRunner.java:58) [junit-4.12.jar:4.12]
	at org.junit.runners.ParentRunner$2.evaluate(ParentRunner.java:268) [junit-4.12.jar:4.12]
	at org.springframework.test.context.junit4.statements.RunBeforeTestClassCallbacks.evaluate(RunBeforeTestClassCallbacks.java:61) [spring-test-5.1.4.RELEASE.jar:5.1.4.RELEASE]
	at org.springframework.test.context.junit4.statements.RunAfterTestClassCallbacks.evaluate(RunAfterTestClassCallbacks.java:70) [spring-test-5.1.4.RELEASE.jar:5.1.4.RELEASE]
	at org.junit.runners.ParentRunner.run(ParentRunner.java:363) [junit-4.12.jar:4.12]
	at org.springframework.test.context.junit4.SpringJUnit4ClassRunner.run(SpringJUnit4ClassRunner.java:190) [spring-test-5.1.4.RELEASE.jar:5.1.4.RELEASE]
	at org.apache.maven.surefire.junit4.JUnit4Provider.execute(JUnit4Provider.java:365) [surefire-junit4-2.22.1.jar:2.22.1]
	at org.apache.maven.surefire.junit4.JUnit4Provider.executeWithRerun(JUnit4Provider.java:273) [surefire-junit4-2.22.1.jar:2.22.1]
	at org.apache.maven.surefire.junit4.JUnit4Provider.executeTestSet(JUnit4Provider.java:238) [surefire-junit4-2.22.1.jar:2.22.1]
	at org.apache.maven.surefire.junit4.JUnit4Provider.invoke(JUnit4Provider.java:159) [surefire-junit4-2.22.1.jar:2.22.1]
	at org.apache.maven.surefire.booter.ForkedBooter.invokeProviderInSameClassLoader(ForkedBooter.java:384) [surefire-booter-2.22.1.jar:2.22.1]
	at org.apache.maven.surefire.booter.ForkedBooter.runSuitesInProcess(ForkedBooter.java:345) [surefire-booter-2.22.1.jar:2.22.1]
	at org.apache.maven.surefire.booter.ForkedBooter.execute(ForkedBooter.java:126) [surefire-booter-2.22.1.jar:2.22.1]
	at org.apache.maven.surefire.booter.ForkedBooter.main(ForkedBooter.java:418) [surefire-booter-2.22.1.jar:2.22.1]
Caused by: java.lang.IllegalStateException: Failed to execute CommandLineRunner
	at org.springframework.boot.SpringApplication.callRunner(SpringApplication.java:816) ~[spring-boot-2.1.2.RELEASE.jar:2.1.2.RELEASE]
	at org.springframework.boot.SpringApplication.callRunners(SpringApplication.java:797) ~[spring-boot-2.1.2.RELEASE.jar:2.1.2.RELEASE]
	at org.springframework.boot.SpringApplication.run(SpringApplication.java:324) ~[spring-boot-2.1.2.RELEASE.jar:2.1.2.RELEASE]
	at org.springframework.boot.test.context.SpringBootContextLoader.loadContext(SpringBootContextLoader.java:127) ~[spring-boot-test-2.1.2.RELEASE.jar:2.1.2.RELEASE]
	at org.springframework.test.context.cache.DefaultCacheAwareContextLoaderDelegate.loadContextInternal(DefaultCacheAwareContextLoaderDelegate.java:99) ~[spring-test-5.1.4.RELEASE.jar:5.1.4.RELEASE]
	at org.springframework.test.context.cache.DefaultCacheAwareContextLoaderDelegate.loadContext(DefaultCacheAwareContextLoaderDelegate.java:117) ~[spring-test-5.1.4.RELEASE.jar:5.1.4.RELEASE]
	... 27 common frames omitted
Caused by: org.springframework.ldap.CommunicationException: happy.tc.edu.tw:636; nested exception is javax.naming.CommunicationException: happy.tc.edu.tw:636 [Root exception is java.net.ConnectException: Connection timed out: connect]
	at org.springframework.ldap.support.LdapUtils.convertLdapException(LdapUtils.java:108) ~[spring-ldap-core-2.3.2.RELEASE.jar:2.3.2.RELEASE]
	at org.springframework.ldap.core.support.AbstractContextSource.createContext(AbstractContextSource.java:355) ~[spring-ldap-core-2.3.2.RELEASE.jar:2.3.2.RELEASE]
	at org.springframework.ldap.core.support.AbstractContextSource.doGetContext(AbstractContextSource.java:139) ~[spring-ldap-core-2.3.2.RELEASE.jar:2.3.2.RELEASE]
	at org.springframework.ldap.core.support.AbstractContextSource.getReadOnlyContext(AbstractContextSource.java:158) ~[spring-ldap-core-2.3.2.RELEASE.jar:2.3.2.RELEASE]
	at org.springframework.ldap.core.LdapTemplate.search(LdapTemplate.java:357) ~[spring-ldap-core-2.3.2.RELEASE.jar:2.3.2.RELEASE]
	at org.springframework.ldap.core.LdapTemplate.search(LdapTemplate.java:309) ~[spring-ldap-core-2.3.2.RELEASE.jar:2.3.2.RELEASE]
	at org.springframework.ldap.core.LdapTemplate.search(LdapTemplate.java:616) ~[spring-ldap-core-2.3.2.RELEASE.jar:2.3.2.RELEASE]
	at org.springframework.ldap.core.LdapTemplate.search(LdapTemplate.java:586) ~[spring-ldap-core-2.3.2.RELEASE.jar:2.3.2.RELEASE]
	at org.springframework.ldap.core.LdapTemplate.search(LdapTemplate.java:1651) ~[spring-ldap-core-2.3.2.RELEASE.jar:2.3.2.RELEASE]
	at app.passwd.service.LdapTools.isOuExist(LdapTools.java:72) ~[classes/:na]
	at app.passwd.PasswdApplication.lambda$run$1(PasswdApplication.java:187) ~[classes/:na]
	at java.lang.Iterable.forEach(Iterable.java:75) ~[na:1.8.0_212]
	at app.passwd.PasswdApplication.run(PasswdApplication.java:185) ~[classes/:na]
	at org.springframework.boot.SpringApplication.callRunner(SpringApplication.java:813) ~[spring-boot-2.1.2.RELEASE.jar:2.1.2.RELEASE]
	... 32 common frames omitted
Caused by: javax.naming.CommunicationException: happy.tc.edu.tw:636
	at com.sun.jndi.ldap.Connection.<init>(Connection.java:228) ~[na:1.8.0_212]
	at com.sun.jndi.ldap.LdapClient.<init>(LdapClient.java:137) ~[na:1.8.0_212]
	at com.sun.jndi.ldap.LdapClient.getInstance(LdapClient.java:1609) ~[na:1.8.0_212]
	at com.sun.jndi.ldap.LdapCtx.connect(LdapCtx.java:2749) ~[na:1.8.0_212]
	at com.sun.jndi.ldap.LdapCtx.<init>(LdapCtx.java:319) ~[na:1.8.0_212]
	at com.sun.jndi.ldap.LdapCtxFactory.getUsingURL(LdapCtxFactory.java:192) ~[na:1.8.0_212]
	at com.sun.jndi.ldap.LdapCtxFactory.getUsingURLs(LdapCtxFactory.java:210) ~[na:1.8.0_212]
	at com.sun.jndi.ldap.LdapCtxFactory.getLdapCtxInstance(LdapCtxFactory.java:153) ~[na:1.8.0_212]
	at com.sun.jndi.ldap.LdapCtxFactory.getInitialContext(LdapCtxFactory.java:83) ~[na:1.8.0_212]
	at javax.naming.spi.NamingManager.getInitialContext(NamingManager.java:684) ~[na:1.8.0_212]
	at javax.naming.InitialContext.getDefaultInitCtx(InitialContext.java:313) ~[na:1.8.0_212]
	at javax.naming.InitialContext.init(InitialContext.java:244) ~[na:1.8.0_212]
	at javax.naming.ldap.InitialLdapContext.<init>(InitialLdapContext.java:154) ~[na:1.8.0_212]
	at org.springframework.ldap.core.support.LdapContextSource.getDirContextInstance(LdapContextSource.java:42) ~[spring-ldap-core-2.3.2.RELEASE.jar:2.3.2.RELEASE]
	at org.springframework.ldap.core.support.AbstractContextSource.createContext(AbstractContextSource.java:343) ~[spring-ldap-core-2.3.2.RELEASE.jar:2.3.2.RELEASE]
	... 44 common frames omitted
Caused by: java.net.ConnectException: Connection timed out: connect
	at java.net.DualStackPlainSocketImpl.connect0(Native Method) ~[na:1.8.0_212]
	at java.net.DualStackPlainSocketImpl.socketConnect(DualStackPlainSocketImpl.java:79) ~[na:1.8.0_212]
	at java.net.AbstractPlainSocketImpl.doConnect(AbstractPlainSocketImpl.java:350) ~[na:1.8.0_212]
	at java.net.AbstractPlainSocketImpl.connectToAddress(AbstractPlainSocketImpl.java:206) ~[na:1.8.0_212]
	at java.net.AbstractPlainSocketImpl.connect(AbstractPlainSocketImpl.java:188) ~[na:1.8.0_212]
	at java.net.PlainSocketImpl.connect(PlainSocketImpl.java:172) ~[na:1.8.0_212]
	at java.net.SocksSocketImpl.connect(SocksSocketImpl.java:392) ~[na:1.8.0_212]
	at java.net.Socket.connect(Socket.java:589) ~[na:1.8.0_212]
	at sun.security.ssl.SSLSocketImpl.connect(SSLSocketImpl.java:666) ~[na:1.8.0_212]
	at sun.security.ssl.SSLSocketImpl.<init>(SSLSocketImpl.java:426) ~[na:1.8.0_212]
	at sun.security.ssl.SSLSocketFactoryImpl.createSocket(SSLSocketFactoryImpl.java:88) ~[na:1.8.0_212]
	at sun.reflect.NativeMethodAccessorImpl.invoke0(Native Method) ~[na:1.8.0_212]
	at sun.reflect.NativeMethodAccessorImpl.invoke(NativeMethodAccessorImpl.java:62) ~[na:1.8.0_212]
	at sun.reflect.DelegatingMethodAccessorImpl.invoke(DelegatingMethodAccessorImpl.java:43) ~[na:1.8.0_212]
	at java.lang.reflect.Method.invoke(Method.java:498) ~[na:1.8.0_212]
	at com.sun.jndi.ldap.Connection.createSocket(Connection.java:340) ~[na:1.8.0_212]
	at com.sun.jndi.ldap.Connection.<init>(Connection.java:215) ~[na:1.8.0_212]
	... 58 common frames omitted

